Build started 10-Jun-15 1:55:17 PM.
     1>Project "C:\Users\Emil\Documents\Visual Studio 2013\Projects\Gospod\Gospod\Gospod.vcxproj" on node 2 (Build target(s)).
     1>ClCompile:
         C:\Program Files (x86)\Microsoft Visual Studio 12.0\VC\bin\CL.exe /c /ZI /nologo /W3 /WX- /sdl /Od /Oy- /D _MBCS /Gm /EHsc /RTC1 /MDd /GS /fp:precise /Zc:wchar_t /Zc:forScope /Fo"Debug\\" /Fd"Debug\vc120.pdb" /Gd /TP /analyze- /errorReport:prompt CommandManager.cpp Entity.cpp God.cpp Main.cpp Simulator.cpp SingleGenerator.cpp
         God.cpp
         Generating Code...
     1>c:\users\emil\documents\visual studio 2013\projects\gospod\gospod\god.cpp(98): warning C4715: 'God::addUnits' : not all control paths return a value
         Skipping... (no relevant changes detected)
         SingleGenerator.cpp
         Simulator.cpp
         Main.cpp
         Entity.cpp
         CommandManager.cpp
       Link:
         C:\Program Files (x86)\Microsoft Visual Studio 12.0\VC\bin\link.exe /ERRORREPORT:PROMPT /OUT:"C:\Users\Emil\Documents\Visual Studio 2013\Projects\Gospod\Debug\Gospod.exe" /INCREMENTAL /NOLOGO kernel32.lib user32.lib gdi32.lib winspool.lib comdlg32.lib advapi32.lib shell32.lib ole32.lib oleaut32.lib uuid.lib odbc32.lib odbccp32.lib /MANIFEST /MANIFESTUAC:"level='asInvoker' uiAccess='false'" /manifest:embed /DEBUG /PDB:"C:\Users\Emil\Documents\Visual Studio 2013\Projects\Gospod\Debug\Gospod.pdb" /TLBID:1 /DYNAMICBASE /NXCOMPAT /IMPLIB:"C:\Users\Emil\Documents\Visual Studio 2013\Projects\Gospod\Debug\Gospod.lib" /MACHINE:X86 Debug\Animal.obj
         Debug\God.obj
         Debug\Human.obj
         Debug\Main.obj
         Debug\Planet.obj
         Debug\Point2D.obj
         Debug\Entity.obj
         Debug\RG.obj
         Debug\CommandManager.obj
         Debug\Scene.obj
         Debug\Simulator.obj
         Debug\SingleGenerator.obj
         Gospod.vcxproj -> C:\Users\Emil\Documents\Visual Studio 2013\Projects\Gospod\Debug\Gospod.exe
     1>Done Building Project "C:\Users\Emil\Documents\Visual Studio 2013\Projects\Gospod\Gospod\Gospod.vcxproj" (Build target(s)).

Build succeeded.

Time Elapsed 00:00:01.03
